Listening for transport dt_socket at address: 55755
{"logLevel":"debug","message":"multithreading is set to false"}
{"logLevel":"debug","message":"Using reflection to scan dependencies for gauge implementations..."}
SLF4J: Failed to load class "org.slf4j.impl.StaticLoggerBinder".
SLF4J: Defaulting to no-operation (NOP) logger implementation
SLF4J: See http://www.slf4j.org/codes.html#StaticLoggerBinder for further details.
{"logLevel":"debug","message":"gauge-java took 707milliseconds to load and scan. This should be less than 'runner_connection_timeout' config value."}
{"logLevel":"debug","message":"run 'gauge config runner_connection_timeout' and verify that it is < 707"}
{"logLevel":"debug","message":"starting gRPC server..."}
{"logLevel":"debug","message":"started gRPC server on port 55789"}
{"logLevel":"info","message":"Listening on port:55789"}
{"logLevel":"debug","message":"Scanning packages for steps"}
{"logLevel":"debug","message":"Comparing 'utils.Launcher.launchThePage' and 'utils.Launcher.launchThePage'"}
{"logLevel":"debug","message":"Found Go to the home page in current project scope."}
{"logLevel":"debug","message":"Comparing 'steps.ProductPageSteps.verifyProductsPage' and 'steps.ProductPageSteps.verifyProductsPage'"}
{"logLevel":"debug","message":"Found Verify Products page is displayed in current project scope."}
{"logLevel":"debug","message":"Comparing 'steps.HomePageSteps.goToShopNow' and 'steps.HomePageSteps.goToShopNow'"}
{"logLevel":"debug","message":"Found Shop Now button is clicked in current project scope."}
{"logLevel":"debug","message":"Comparing 'steps.ProductPageSteps.addFirstItemToBasket' and 'steps.ProductPageSteps.addFirstItemToBasket'"}
{"logLevel":"debug","message":"Found Add first item to the basket in current project scope."}
{"logLevel":"debug","message":"Comparing 'steps.CartPageSteps.updateCart' and 'steps.CartPageSteps.updateCart'"}
{"logLevel":"debug","message":"Found Update Cart button is clicked in current project scope."}
{"logLevel":"debug","message":"Comparing 'steps.HomePageSteps.verifyHomePage' and 'steps.HomePageSteps.verifyHomePage'"}
{"logLevel":"debug","message":"Found Verify homepage is displayed in current project scope."}
{"logLevel":"debug","message":"Comparing 'steps.CartPageSteps.increaseQuantity' and 'steps.CartPageSteps.increaseQuantity'"}
{"logLevel":"debug","message":"Found Increase added product quantity to 3 in current project scope."}
{"logLevel":"debug","message":"Comparing 'steps.CartPageSteps.verifyFirstItemAdded' and 'steps.CartPageSteps.verifyFirstItemAdded'"}
{"logLevel":"debug","message":"Found Verify first item is added to the basket in current project scope."}
{"logLevel":"debug","message":"Scanning packages for hooks"}
{"logLevel":"debug","message":"Scanned steps (using static parsing + reflections): "}
{"logLevel":"debug","message":"\tAdd first item to the basket : public void addFirstItemToBasket()"}
{"logLevel":"debug","message":"\tVerify homepage is displayed : public void verifyHomePage()"}
{"logLevel":"debug","message":"\tShop Now button is clicked : public void goToShopNow()"}
{"logLevel":"debug","message":"\tVerify Products page is displayed : public void verifyProductsPage()"}
{"logLevel":"debug","message":"\tIncrease added product quantity to 3 : public void increaseQuantity()"}
{"logLevel":"debug","message":"\tGo to the home page : public void launchThePage()"}
{"logLevel":"debug","message":"\tVerify first item is added to the basket : public void verifyFirstItemAdded()"}
{"logLevel":"debug","message":"\tUpdate Cart button is clicked : public void updateCart()"}
Ara 20, 2021 3:21:52 ÖS org.openqa.selenium.remote.DesiredCapabilities chrome
INFO: Using `new ChromeOptions()` is preferred to `DesiredCapabilities.chrome()`
{"logLevel":"debug","message":"Killing Java runner..."}
{"logLevel":"debug","message":"Stopping execution pool..."}
{"logLevel":"debug","message":"Shutting down grpc server..."}
{"logLevel":"debug","message":"Runner killed gracefully."}
