10-12-2021 00:23:41.942 [Gauge] [DEBUG] Created gauge_screenshots_dir at /Users/asenasahin/IdeaProjects/qa-academy-selenium/.gauge/screenshots
10-12-2021 00:23:41.942 [Gauge] [INFO] Compatible version of plugin java not found. Installing plugin java...
10-12-2021 00:23:41.942 [Gauge] [DEBUG] Gathering metadata for java
10-12-2021 00:23:41.943 [Gauge] [DEBUG] Downloading https://downloads.gauge.org/plugin/java?l=java&p=&o=darwin&a=amd64
10-12-2021 00:23:42.855 [Gauge] [DEBUG] Downloading https://github.com/getgauge/gauge-java/releases/download/v0.7.15/gauge-java-0.7.15-darwin.x86_64.zip
10-12-2021 00:26:17.688 [Gauge] [DEBUG] Installing plugin java 0.7.15
10-12-2021 00:26:17.729 [Gauge] [INFO] Successfully installed plugin 'java' version 0.7.15
10-12-2021 00:26:17.729 [Gauge] [INFO] Compatible version of plugin html-report not found. Installing plugin html-report...
10-12-2021 00:26:17.729 [Gauge] [DEBUG] Gathering metadata for html-report
10-12-2021 00:26:17.730 [Gauge] [DEBUG] Downloading https://downloads.gauge.org/plugin/html-report?l=java&p=java&o=darwin&a=amd64
10-12-2021 00:26:18.200 [Gauge] [DEBUG] Downloading https://github.com/getgauge/html-report/releases/download/v4.1.2/html-report-4.1.2-darwin.x86_64.zip
10-12-2021 00:27:15.229 [Gauge] [DEBUG] Installing plugin html-report 4.1.2
10-12-2021 00:27:15.263 [Gauge] [INFO] Successfully installed plugin 'html-report' version 4.1.2
10-12-2021 00:27:15.264 [Gauge] [INFO] Installing required plugins.
10-12-2021 00:27:15.265 [Gauge] [DEBUG] Installing plugin 'screenshot'
10-12-2021 00:27:15.265 [Gauge] [DEBUG] Gathering metadata for screenshot
10-12-2021 00:27:15.265 [Gauge] [DEBUG] Downloading https://downloads.gauge.org/plugin/screenshot?l=java&p=html-report,java&o=darwin&a=amd64
10-12-2021 00:27:15.459 [Gauge] [DEBUG] Downloading https://github.com/getgauge/gauge_screenshot/releases/download/v0.1.0/screenshot-0.1.0-darwin.x86_64.zip
10-12-2021 00:27:15.479 [Gauge] [DEBUG] Checking updates...
10-12-2021 00:27:15.480 [Gauge] [DEBUG] Downloading https://downloads.gauge.org/plugin/html-report?l=java&p=html-report,java&o=darwin&a=amd64
10-12-2021 00:27:15.661 [Gauge] [DEBUG] Downloading https://downloads.gauge.org/plugin/java?l=java&p=html-report,java&o=darwin&a=amd64
10-12-2021 00:27:26.781 [Gauge] [DEBUG] Installing plugin screenshot 0.1.0
10-12-2021 00:27:26.785 [Gauge] [INFO] Successfully installed plugin 'screenshot' version 0.1.0
10-12-2021 00:27:26.785 [Gauge] [DEBUG] Parsing started.
10-12-2021 00:27:26.786 [Gauge] [DEBUG] Started concepts parsing.
10-12-2021 00:27:26.788 [Gauge] [DEBUG] 0 concepts parsing completed.
10-12-2021 00:27:26.788 [Gauge] [DEBUG] Started specifications parsing.
10-12-2021 00:27:26.791 [Gauge] [DEBUG] 1 specifications parsing completed.
10-12-2021 00:27:26.791 [Gauge] [DEBUG] Parsing completed.
10-12-2021 00:27:27.267 [java] [DEBUG] ***** Printing Properties/Env Values *****
10-12-2021 00:27:27.267 [java] [DEBUG] PATH: /usr/local/bin:/usr/bin:/bin:/usr/sbin:/sbin:/Users/asenasahin/.gauge/plugins/screenshot/0.1.0
10-12-2021 00:27:27.267 [java] [DEBUG] JAVA_HOME: 
10-12-2021 00:27:27.267 [java] [DEBUG] gauge_project_root: 
10-12-2021 00:27:27.267 [java] [DEBUG] gauge_parallel_streams_count: 
10-12-2021 00:27:27.267 [java] [DEBUG] gauge_reports_dir: reports
10-12-2021 00:27:27.267 [java] [DEBUG] overwrite_reports: true
10-12-2021 00:27:27.267 [java] [DEBUG] logs_directory: logs
10-12-2021 00:27:27.267 [java] [DEBUG] enable_multithreading: 
10-12-2021 00:27:27.267 [java] [DEBUG] gauge_specs_dir: specs
10-12-2021 00:27:27.267 [java] [DEBUG] csv_delimiter: ,
10-12-2021 00:27:27.267 [java] [DEBUG] gauge_java_home: 
10-12-2021 00:27:27.267 [java] [DEBUG] gauge_custom_build_path: 
10-12-2021 00:27:27.267 [java] [DEBUG] gauge_additional_libs: 
10-12-2021 00:27:27.267 [java] [DEBUG] gauge_jvm_args: 
10-12-2021 00:27:27.267 [java] [DEBUG] gauge_custom_compile_dir: 
10-12-2021 00:27:27.267 [java] [DEBUG] gauge_clear_state_level: 
10-12-2021 00:27:27.267 [java] [DEBUG] ***** END *****
10-12-2021 00:27:54.662 [java] [DEBUG] classpath set to /Library/Java/JavaVirtualMachines/jdk-16.0.2.jdk/Contents/Home!/java.base:/Library/Java/JavaVirtualMachines/jdk-16.0.2.jdk/Contents/Home!/java.compiler:/Library/Java/JavaVirtualMachines/jdk-16.0.2.jdk/Contents/Home!/java.datatransfer:/Library/Java/JavaVirtualMachines/jdk-16.0.2.jdk/Contents/Home!/java.desktop:/Library/Java/JavaVirtualMachines/jdk-16.0.2.jdk/Contents/Home!/java.instrument:/Library/Java/JavaVirtualMachines/jdk-16.0.2.jdk/Contents/Home!/java.logging:/Library/Java/JavaVirtualMachines/jdk-16.0.2.jdk/Contents/Home!/java.management:/Library/Java/JavaVirtualMachines/jdk-16.0.2.jdk/Contents/Home!/java.management.rmi:/Library/Java/JavaVirtualMachines/jdk-16.0.2.jdk/Contents/Home!/java.naming:/Library/Java/JavaVirtualMachines/jdk-16.0.2.jdk/Contents/Home!/java.net.http:/Library/Java/JavaVirtualMachines/jdk-16.0.2.jdk/Contents/Home!/java.prefs:/Library/Java/JavaVirtualMachines/jdk-16.0.2.jdk/Contents/Home!/java.rmi:/Library/Java/JavaVirtualMachines/jdk-16.0.2.jdk/Contents/Home!/java.scripting:/Library/Java/JavaVirtualMachines/jdk-16.0.2.jdk/Contents/Home!/java.se:/Library/Java/JavaVirtualMachines/jdk-16.0.2.jdk/Contents/Home!/java.security.jgss:/Library/Java/JavaVirtualMachines/jdk-16.0.2.jdk/Contents/Home!/java.security.sasl:/Library/Java/JavaVirtualMachines/jdk-16.0.2.jdk/Contents/Home!/java.smartcardio:/Library/Java/JavaVirtualMachines/jdk-16.0.2.jdk/Contents/Home!/java.sql:/Library/Java/JavaVirtualMachines/jdk-16.0.2.jdk/Contents/Home!/java.sql.rowset:/Library/Java/JavaVirtualMachines/jdk-16.0.2.jdk/Contents/Home!/java.transaction.xa:/Library/Java/JavaVirtualMachines/jdk-16.0.2.jdk/Contents/Home!/java.xml:/Library/Java/JavaVirtualMachines/jdk-16.0.2.jdk/Contents/Home!/java.xml.crypto:/Library/Java/JavaVirtualMachines/jdk-16.0.2.jdk/Contents/Home!/jdk.accessibility:/Library/Java/JavaVirtualMachines/jdk-16.0.2.jdk/Contents/Home!/jdk.attach:/Library/Java/JavaVirtualMachines/jdk-16.0.2.jdk/Contents/Home!/jdk.charsets:/Library/Java/JavaVirtualMachines/jdk-16.0.2.jdk/Contents/Home!/jdk.compiler:/Library/Java/JavaVirtualMachines/jdk-16.0.2.jdk/Contents/Home!/jdk.crypto.cryptoki:/Library/Java/JavaVirtualMachines/jdk-16.0.2.jdk/Contents/Home!/jdk.crypto.ec:/Library/Java/JavaVirtualMachines/jdk-16.0.2.jdk/Contents/Home!/jdk.dynalink:/Library/Java/JavaVirtualMachines/jdk-16.0.2.jdk/Contents/Home!/jdk.editpad:/Library/Java/JavaVirtualMachines/jdk-16.0.2.jdk/Contents/Home!/jdk.hotspot.agent:/Library/Java/JavaVirtualMachines/jdk-16.0.2.jdk/Contents/Home!/jdk.httpserver:/Library/Java/JavaVirtualMachines/jdk-16.0.2.jdk/Contents/Home!/jdk.incubator.foreign:/Library/Java/JavaVirtualMachines/jdk-16.0.2.jdk/Contents/Home!/jdk.incubator.vector:/Library/Java/JavaVirtualMachines/jdk-16.0.2.jdk/Contents/Home!/jdk.internal.ed:/Library/Java/JavaVirtualMachines/jdk-16.0.2.jdk/Contents/Home!/jdk.internal.jvmstat:/Library/Java/JavaVirtualMachines/jdk-16.0.2.jdk/Contents/Home!/jdk.internal.le:/Library/Java/JavaVirtualMachines/jdk-16.0.2.jdk/Contents/Home!/jdk.internal.opt:/Library/Java/JavaVirtualMachines/jdk-16.0.2.jdk/Contents/Home!/jdk.internal.vm.ci:/Library/Java/JavaVirtualMachines/jdk-16.0.2.jdk/Contents/Home!/jdk.jartool:/Library/Java/JavaVirtualMachines/jdk-16.0.2.jdk/Contents/Home!/jdk.javadoc:/Library/Java/JavaVirtualMachines/jdk-16.0.2.jdk/Contents/Home!/jdk.jcmd:/Library/Java/JavaVirtualMachines/jdk-16.0.2.jdk/Contents/Home!/jdk.jconsole:/Library/Java/JavaVirtualMachines/jdk-16.0.2.jdk/Contents/Home!/jdk.jdeps:/Library/Java/JavaVirtualMachines/jdk-16.0.2.jdk/Contents/Home!/jdk.jdi:/Library/Java/JavaVirtualMachines/jdk-16.0.2.jdk/Contents/Home!/jdk.jdwp.agent:/Library/Java/JavaVirtualMachines/jdk-16.0.2.jdk/Contents/Home!/jdk.jfr:/Library/Java/JavaVirtualMachines/jdk-16.0.2.jdk/Contents/Home!/jdk.jlink:/Library/Java/JavaVirtualMachines/jdk-16.0.2.jdk/Contents/Home!/jdk.jpackage:/Library/Java/JavaVirtualMachines/jdk-16.0.2.jdk/Contents/Home!/jdk.jshell:/Library/Java/JavaVirtualMachines/jdk-16.0.2.jdk/Contents/Home!/jdk.jsobject:/Library/Java/JavaVirtualMachines/jdk-16.0.2.jdk/Contents/Home!/jdk.jstatd:/Library/Java/JavaVirtualMachines/jdk-16.0.2.jdk/Contents/Home!/jdk.localedata:/Library/Java/JavaVirtualMachines/jdk-16.0.2.jdk/Contents/Home!/jdk.management:/Library/Java/JavaVirtualMachines/jdk-16.0.2.jdk/Contents/Home!/jdk.management.agent:/Library/Java/JavaVirtualMachines/jdk-16.0.2.jdk/Contents/Home!/jdk.management.jfr:/Library/Java/JavaVirtualMachines/jdk-16.0.2.jdk/Contents/Home!/jdk.naming.dns:/Library/Java/JavaVirtualMachines/jdk-16.0.2.jdk/Contents/Home!/jdk.naming.rmi:/Library/Java/JavaVirtualMachines/jdk-16.0.2.jdk/Contents/Home!/jdk.net:/Library/Java/JavaVirtualMachines/jdk-16.0.2.jdk/Contents/Home!/jdk.nio.mapmode:/Library/Java/JavaVirtualMachines/jdk-16.0.2.jdk/Contents/Home!/jdk.sctp:/Library/Java/JavaVirtualMachines/jdk-16.0.2.jdk/Contents/Home!/jdk.security.auth:/Library/Java/JavaVirtualMachines/jdk-16.0.2.jdk/Contents/Home!/jdk.security.jgss:/Library/Java/JavaVirtualMachines/jdk-16.0.2.jdk/Contents/Home!/jdk.unsupported:/Library/Java/JavaVirtualMachines/jdk-16.0.2.jdk/Contents/Home!/jdk.unsupported.desktop:/Library/Java/JavaVirtualMachines/jdk-16.0.2.jdk/Contents/Home!/jdk.xml.dom:/Library/Java/JavaVirtualMachines/jdk-16.0.2.jdk/Contents/Home!/jdk.zipfs:/Users/asenasahin/IdeaProjects/qa-academy-selenium/target/classes:/Users/asenasahin/.m2/repository/org/seleniumhq/selenium/selenium-java/3.11.0/selenium-java-3.11.0.jar:/Users/asenasahin/.m2/repository/org/seleniumhq/selenium/selenium-api/3.11.0/selenium-api-3.11.0.jar:/Users/asenasahin/.m2/repository/org/seleniumhq/selenium/selenium-chrome-driver/3.11.0/selenium-chrome-driver-3.11.0.jar:/Users/asenasahin/.m2/repository/org/seleniumhq/selenium/selenium-edge-driver/3.11.0/selenium-edge-driver-3.11.0.jar:/Users/asenasahin/.m2/repository/org/seleniumhq/selenium/selenium-firefox-driver/3.11.0/selenium-firefox-driver-3.11.0.jar:/Users/asenasahin/.m2/repository/org/seleniumhq/selenium/selenium-ie-driver/3.11.0/selenium-ie-driver-3.11.0.jar:/Users/asenasahin/.m2/repository/org/seleniumhq/selenium/selenium-opera-driver/3.11.0/selenium-opera-driver-3.11.0.jar:/Users/asenasahin/.m2/repository/org/seleniumhq/selenium/selenium-remote-driver/3.11.0/selenium-remote-driver-3.11.0.jar:/Users/asenasahin/.m2/repository/org/seleniumhq/selenium/selenium-safari-driver/3.11.0/selenium-safari-driver-3.11.0.jar:/Users/asenasahin/.m2/repository/org/seleniumhq/selenium/selenium-support/3.11.0/selenium-support-3.11.0.jar:/Users/asenasahin/.m2/repository/net/bytebuddy/byte-buddy/1.7.9/byte-buddy-1.7.9.jar:/Users/asenasahin/.m2/repository/org/apache/commons/commons-exec/1.3/commons-exec-1.3.jar:/Users/asenasahin/.m2/repository/commons-codec/commons-codec/1.10/commons-codec-1.10.jar:/Users/asenasahin/.m2/repository/commons-logging/commons-logging/1.2/commons-logging-1.2.jar:/Users/asenasahin/.m2/repository/com/google/code/gson/gson/2.8.2/gson-2.8.2.jar:/Users/asenasahin/.m2/repository/com/google/guava/guava/23.6-jre/guava-23.6-jre.jar:/Users/asenasahin/.m2/repository/com/google/code/findbugs/jsr305/1.3.9/jsr305-1.3.9.jar:/Users/asenasahin/.m2/repository/org/checkerframework/checker-compat-qual/2.0.0/checker-compat-qual-2.0.0.jar:/Users/asenasahin/.m2/repository/com/google/errorprone/error_prone_annotations/2.1.3/error_prone_annotations-2.1.3.jar:/Users/asenasahin/.m2/repository/com/google/j2objc/j2objc-annotations/1.1/j2objc-annotations-1.1.jar:/Users/asenasahin/.m2/repository/org/codehaus/mojo/animal-sniffer-annotations/1.14/animal-sniffer-annotations-1.14.jar:/Users/asenasahin/.m2/repository/org/apache/httpcomponents/httpclient/4.5.3/httpclient-4.5.3.jar:/Users/asenasahin/.m2/repository/org/apache/httpcomponents/httpcore/4.4.6/httpcore-4.4.6.jar:/Users/asenasahin/.m2/repository/com/squareup/okhttp3/okhttp/3.9.1/okhttp-3.9.1.jar:/Users/asenasahin/.m2/repository/com/squareup/okio/okio/1.13.0/okio-1.13.0.jar:/Users/asenasahin/.m2/repository/com/thoughtworks/gauge/gauge-java/0.7.15/gauge-java-0.7.15.jar:/Users/asenasahin/.m2/repository/org/assertj/assertj-core/3.19.0/assertj-core-3.19.0.jar:/Users/asenasahin/.m2/repository/org/reflections/reflections/0.9.9/reflections-0.9.9.jar:/Users/asenasahin/.m2/repository/org/javassist/javassist/3.18.2-GA/javassist-3.18.2-GA.jar:/Users/asenasahin/.m2/repository/com/google/code/findbugs/annotations/2.0.1/annotations-2.0.1.jar:/Users/asenasahin/.m2/repository/com/github/javaparser/javaparser-core/3.16.3/javaparser-core-3.16.3.jar:/Users/asenasahin/.m2/repository/commons-io/commons-io/2.8.0/commons-io-2.8.0.jar:/Users/asenasahin/.m2/repository/commons-lang/commons-lang/2.6/commons-lang-2.6.jar:/Users/asenasahin/.m2/repository/org/json/json/20210307/json-20210307.jar:/Users/asenasahin/.m2/repository/com/google/protobuf/protobuf-java/3.15.8/protobuf-java-3.15.8.jar:/Users/asenasahin/.m2/repository/io/grpc/grpc-netty-shaded/1.37.0/grpc-netty-shaded-1.37.0.jar:/Users/asenasahin/.m2/repository/io/grpc/grpc-core/1.37.0/grpc-core-1.37.0.jar:/Users/asenasahin/.m2/repository/com/google/android/annotations/4.1.1.4/annotations-4.1.1.4.jar:/Users/asenasahin/.m2/repository/io/perfmark/perfmark-api/0.23.0/perfmark-api-0.23.0.jar:/Users/asenasahin/.m2/repository/io/grpc/grpc-protobuf/1.37.0/grpc-protobuf-1.37.0.jar:/Users/asenasahin/.m2/repository/io/grpc/grpc-api/1.37.0/grpc-api-1.37.0.jar:/Users/asenasahin/.m2/repository/io/grpc/grpc-context/1.37.0/grpc-context-1.37.0.jar:/Users/asenasahin/.m2/repository/com/google/api/grpc/proto-google-common-protos/2.0.1/proto-google-common-protos-2.0.1.jar:/Users/asenasahin/.m2/repository/io/grpc/grpc-protobuf-lite/1.37.0/grpc-protobuf-lite-1.37.0.jar:/Users/asenasahin/.m2/repository/io/grpc/grpc-stub/1.37.0/grpc-stub-1.37.0.jar:/Users/asenasahin/.m2/repository/javax/annotation/javax.annotation-api/1.3.2/javax.annotation-api-1.3.2.jar:/Users/asenasahin/.m2/repository/org/testng/testng/7.4.0/testng-7.4.0.jar:/Users/asenasahin/.m2/repository/com/beust/jcommander/1.78/jcommander-1.78.jar:/Users/asenasahin/.m2/repository/org/webjars/jquery/3.5.1/jquery-3.5.1.jar:/Users/asenasahin/.m2/repository/io/github/bonigarcia/webdrivermanager/3.8.1/webdrivermanager-3.8.1.jar:/Users/asenasahin/.m2/repository/org/slf4j/slf4j-api/1.7.25/slf4j-api-1.7.25.jar:/Users/asenasahin/.m2/repository/org/apache/commons/commons-lang3/3.8.1/commons-lang3-3.8.1.jar:/Users/asenasahin/.m2/repository/org/rauschig/jarchivelib/1.0.0/jarchivelib-1.0.0.jar:/Users/asenasahin/.m2/repository/org/apache/commons/commons-compress/1.18/commons-compress-1.18.jar:/Users/asenasahin/.m2/repository/org/jsoup/jsoup/1.11.3/jsoup-1.11.3.jar
10-12-2021 00:27:54.662 [java] [DEBUG] found java executable in java
10-12-2021 00:27:54.663 [java] [DEBUG] running - java [-Dfile.encoding=UTF-8 com.thoughtworks.gauge.GaugeRuntime --start]
10-12-2021 00:27:54.663 [java] [DEBUG] stdout/stderr is logged to logs/18706-java.out
10-12-2021 00:27:54.829 [java] [DEBUG] multithreading is set to false
10-12-2021 00:27:55.129 [java] [DEBUG] Using reflection to scan dependencies for gauge implementations...
10-12-2021 00:27:55.186 [java] [ERROR] SLF4J: Failed to load class "org.slf4j.impl.StaticLoggerBinder".
10-12-2021 00:27:55.186 [java] [ERROR] SLF4J: Defaulting to no-operation (NOP) logger implementation
10-12-2021 00:27:55.186 [java] [ERROR] SLF4J: See http://www.slf4j.org/codes.html#StaticLoggerBinder for further details.
10-12-2021 00:27:55.377 [java] [DEBUG] gauge-java took 548milliseconds to load and scan. This should be less than 'runner_connection_timeout' config value.
10-12-2021 00:27:55.377 [java] [DEBUG] run 'gauge config runner_connection_timeout' and verify that it is < 548
10-12-2021 00:27:55.377 [java] [DEBUG] starting gRPC server...
10-12-2021 00:27:55.484 [Gauge] [DEBUG] Attempting to connect to grpc server at port: 54492
10-12-2021 00:27:55.601 [Gauge] [DEBUG] Successfully made the connection with runner with port: 54492
10-12-2021 00:27:55.601 [Gauge] [DEBUG] Validation started.
10-12-2021 00:27:56.644 [java] [DEBUG] Scanning packages for steps
10-12-2021 00:27:56.652 [java] [DEBUG] Comparing 'utils.Launcher.launchThePage' and 'utils.Launcher.launchThePage'
10-12-2021 00:27:56.652 [java] [DEBUG] Found Go to the home page in current project scope.
10-12-2021 00:27:56.652 [java] [DEBUG] Scanning packages for hooks
10-12-2021 00:27:56.656 [java] [DEBUG] Scanned steps (using static parsing + reflections): 
10-12-2021 00:27:56.656 [java] [DEBUG] 	Go to the home page : public void launchThePage()
10-12-2021 00:27:57.688 [Gauge] [DEBUG] Validation completed.
10-12-2021 00:27:57.691 [Gauge] [DEBUG] Run started
10-12-2021 00:27:57.692 [Gauge] [DEBUG] Starting Html Report plugin
10-12-2021 00:27:57.993 [Gauge] [DEBUG] Attempting to connect to grpc server at port: 54497
10-12-2021 00:27:57.994 [Gauge] [DEBUG] Successfully made the connection with plugin with port: 54497
10-12-2021 00:27:57.994 [Gauge] [DEBUG] Initialising suite data store.
10-12-2021 00:27:58.048 [java] [ERROR] Ara 10, 2021 12:27:58 ÖÖ org.openqa.selenium.remote.DesiredCapabilities chrome
10-12-2021 00:27:58.048 [java] [ERROR] INFO: Using `new ChromeOptions()` is preferred to `DesiredCapabilities.chrome()`
10-12-2021 00:28:00.356 [Gauge] [ERROR] Error Message: java.lang.NullPointerException: Cannot invoke "String.equals(Object)" because the return value of "java.lang.System.getenv(String)" is null
10-12-2021 00:28:00.358 [Gauge] [ERROR] Stacktrace: 
utils.Driver.setUp(Driver.java:27)
java.base/jdk.internal.reflect.NativeMethodAccessorImpl.invoke0(Native Method)
java.base/jdk.internal.reflect.NativeMethodAccessorImpl.invoke(NativeMethodAccessorImpl.java:78)
java.base/jdk.internal.reflect.DelegatingMethodAccessorImpl.invoke(DelegatingMethodAccessorImpl.java:43)
java.base/java.lang.reflect.Method.invoke(Method.java:567)
com.thoughtworks.gauge.execution.MethodExecutor.execute(MethodExecutor.java:28)
com.thoughtworks.gauge.execution.HooksExecutor$TaggedHookExecutor.executeHook(HooksExecutor.java:92)
com.thoughtworks.gauge.execution.HooksExecutor$TaggedHookExecutor.execute(HooksExecutor.java:78)
com.thoughtworks.gauge.execution.HooksExecutor.execute(HooksExecutor.java:35)
com.thoughtworks.gauge.processor.MethodExecutionMessageProcessor.executeHooks(MethodExecutionMessageProcessor.java:55)
com.thoughtworks.gauge.processor.SuiteExecutionStartingProcessor.process(SuiteExecutionStartingProcessor.java:26)
com.thoughtworks.gauge.RunnerServiceHandler.lambda$startExecution$1(RunnerServiceHandler.java:62)
java.base/java.util.concurrent.ThreadPoolExecutor.runWorker(ThreadPoolExecutor.java:1130)
java.base/java.util.concurrent.ThreadPoolExecutor$Worker.run(ThreadPoolExecutor.java:630)
java.base/java.lang.Thread.run(Thread.java:831)
10-12-2021 00:28:00.359 [html-report] [DEBUG] Transformed SuiteResult to report structure
10-12-2021 00:28:00.448 [html-report] [INFO] Successfully generated html-report to => /Users/asenasahin/IdeaProjects/qa-academy-selenium/reports/html-report/index.html
10-12-2021 00:28:00.448 [html-report] [DEBUG] Done generating HTML report using theme from /Users/asenasahin/.gauge/plugins/html-report/4.1.2/themes/default
10-12-2021 00:28:00.449 [Gauge] [DEBUG] Sending kill message to Html Report plugin.
10-12-2021 00:28:00.453 [java] [DEBUG] Killing Java runner...
10-12-2021 00:28:00.454 [java] [DEBUG] Stopping execution pool...
10-12-2021 00:28:00.454 [java] [DEBUG] Shutting down grpc server...
10-12-2021 00:28:00.461 [java] [DEBUG] Runner killed gracefully.
10-12-2021 00:28:00.974 [Gauge] [DEBUG] Runner with PID:18706 has exited
10-12-2021 00:28:00.976 [Gauge] [INFO] Specifications:	0 executed	0 passed	0 failed	0 skipped
10-12-2021 00:28:00.976 [Gauge] [INFO] Scenarios:	0 executed	0 passed	0 failed	0 skipped
10-12-2021 00:28:00.977 [Gauge] [INFO] 
Total time taken: 2.665s
10-12-2021 00:31:05.753 [Gauge] [DEBUG] Created gauge_screenshots_dir at /Users/asenasahin/IdeaProjects/qa-academy-selenium/.gauge/screenshots
10-12-2021 00:31:05.757 [Gauge] [DEBUG] Plugin java is already installed.
10-12-2021 00:31:05.757 [Gauge] [DEBUG] Plugin html-report is already installed.
10-12-2021 00:31:05.759 [Gauge] [DEBUG] Parsing started.
10-12-2021 00:31:05.759 [Gauge] [DEBUG] Started concepts parsing.
10-12-2021 00:31:05.761 [Gauge] [DEBUG] 0 concepts parsing completed.
10-12-2021 00:31:05.762 [Gauge] [DEBUG] Started specifications parsing.
10-12-2021 00:31:05.762 [Gauge] [DEBUG] 1 specifications parsing completed.
10-12-2021 00:31:05.762 [Gauge] [DEBUG] Parsing completed.
10-12-2021 00:31:05.783 [java] [DEBUG] ***** Printing Properties/Env Values *****
10-12-2021 00:31:05.783 [java] [DEBUG] PATH: /usr/local/bin:/usr/bin:/bin:/usr/sbin:/sbin:/Users/asenasahin/.gauge/plugins/screenshot/0.1.0
10-12-2021 00:31:05.783 [java] [DEBUG] JAVA_HOME: 
10-12-2021 00:31:05.783 [java] [DEBUG] gauge_project_root: 
10-12-2021 00:31:05.783 [java] [DEBUG] gauge_parallel_streams_count: 
10-12-2021 00:31:05.783 [java] [DEBUG] gauge_reports_dir: reports
10-12-2021 00:31:05.783 [java] [DEBUG] overwrite_reports: true
10-12-2021 00:31:05.783 [java] [DEBUG] logs_directory: logs
10-12-2021 00:31:05.783 [java] [DEBUG] enable_multithreading: 
10-12-2021 00:31:05.783 [java] [DEBUG] gauge_specs_dir: specs
10-12-2021 00:31:05.783 [java] [DEBUG] csv_delimiter: ,
10-12-2021 00:31:05.783 [java] [DEBUG] gauge_java_home: 
10-12-2021 00:31:05.783 [java] [DEBUG] gauge_custom_build_path: 
10-12-2021 00:31:05.783 [java] [DEBUG] gauge_additional_libs: 
10-12-2021 00:31:05.783 [java] [DEBUG] gauge_jvm_args: 
10-12-2021 00:31:05.783 [java] [DEBUG] gauge_custom_compile_dir: 
10-12-2021 00:31:05.783 [java] [DEBUG] gauge_clear_state_level: 
10-12-2021 00:31:05.783 [java] [DEBUG] ***** END *****
10-12-2021 00:31:06.519 [Gauge] [DEBUG] Checking updates...
10-12-2021 00:31:06.520 [Gauge] [DEBUG] Downloading https://downloads.gauge.org/plugin/html-report?l=java&p=html-report,java,screenshot&o=darwin&a=amd64
10-12-2021 00:31:07.358 [Gauge] [DEBUG] Downloading https://downloads.gauge.org/plugin/java?l=java&p=html-report,java,screenshot&o=darwin&a=amd64
10-12-2021 00:31:07.538 [Gauge] [DEBUG] Downloading https://downloads.gauge.org/plugin/screenshot?l=java&p=html-report,java,screenshot&o=darwin&a=amd64
10-12-2021 00:31:08.944 [java] [DEBUG] classpath set to /Library/Java/JavaVirtualMachines/jdk-16.0.2.jdk/Contents/Home!/java.base:/Library/Java/JavaVirtualMachines/jdk-16.0.2.jdk/Contents/Home!/java.compiler:/Library/Java/JavaVirtualMachines/jdk-16.0.2.jdk/Contents/Home!/java.datatransfer:/Library/Java/JavaVirtualMachines/jdk-16.0.2.jdk/Contents/Home!/java.desktop:/Library/Java/JavaVirtualMachines/jdk-16.0.2.jdk/Contents/Home!/java.instrument:/Library/Java/JavaVirtualMachines/jdk-16.0.2.jdk/Contents/Home!/java.logging:/Library/Java/JavaVirtualMachines/jdk-16.0.2.jdk/Contents/Home!/java.management:/Library/Java/JavaVirtualMachines/jdk-16.0.2.jdk/Contents/Home!/java.management.rmi:/Library/Java/JavaVirtualMachines/jdk-16.0.2.jdk/Contents/Home!/java.naming:/Library/Java/JavaVirtualMachines/jdk-16.0.2.jdk/Contents/Home!/java.net.http:/Library/Java/JavaVirtualMachines/jdk-16.0.2.jdk/Contents/Home!/java.prefs:/Library/Java/JavaVirtualMachines/jdk-16.0.2.jdk/Contents/Home!/java.rmi:/Library/Java/JavaVirtualMachines/jdk-16.0.2.jdk/Contents/Home!/java.scripting:/Library/Java/JavaVirtualMachines/jdk-16.0.2.jdk/Contents/Home!/java.se:/Library/Java/JavaVirtualMachines/jdk-16.0.2.jdk/Contents/Home!/java.security.jgss:/Library/Java/JavaVirtualMachines/jdk-16.0.2.jdk/Contents/Home!/java.security.sasl:/Library/Java/JavaVirtualMachines/jdk-16.0.2.jdk/Contents/Home!/java.smartcardio:/Library/Java/JavaVirtualMachines/jdk-16.0.2.jdk/Contents/Home!/java.sql:/Library/Java/JavaVirtualMachines/jdk-16.0.2.jdk/Contents/Home!/java.sql.rowset:/Library/Java/JavaVirtualMachines/jdk-16.0.2.jdk/Contents/Home!/java.transaction.xa:/Library/Java/JavaVirtualMachines/jdk-16.0.2.jdk/Contents/Home!/java.xml:/Library/Java/JavaVirtualMachines/jdk-16.0.2.jdk/Contents/Home!/java.xml.crypto:/Library/Java/JavaVirtualMachines/jdk-16.0.2.jdk/Contents/Home!/jdk.accessibility:/Library/Java/JavaVirtualMachines/jdk-16.0.2.jdk/Contents/Home!/jdk.attach:/Library/Java/JavaVirtualMachines/jdk-16.0.2.jdk/Contents/Home!/jdk.charsets:/Library/Java/JavaVirtualMachines/jdk-16.0.2.jdk/Contents/Home!/jdk.compiler:/Library/Java/JavaVirtualMachines/jdk-16.0.2.jdk/Contents/Home!/jdk.crypto.cryptoki:/Library/Java/JavaVirtualMachines/jdk-16.0.2.jdk/Contents/Home!/jdk.crypto.ec:/Library/Java/JavaVirtualMachines/jdk-16.0.2.jdk/Contents/Home!/jdk.dynalink:/Library/Java/JavaVirtualMachines/jdk-16.0.2.jdk/Contents/Home!/jdk.editpad:/Library/Java/JavaVirtualMachines/jdk-16.0.2.jdk/Contents/Home!/jdk.hotspot.agent:/Library/Java/JavaVirtualMachines/jdk-16.0.2.jdk/Contents/Home!/jdk.httpserver:/Library/Java/JavaVirtualMachines/jdk-16.0.2.jdk/Contents/Home!/jdk.incubator.foreign:/Library/Java/JavaVirtualMachines/jdk-16.0.2.jdk/Contents/Home!/jdk.incubator.vector:/Library/Java/JavaVirtualMachines/jdk-16.0.2.jdk/Contents/Home!/jdk.internal.ed:/Library/Java/JavaVirtualMachines/jdk-16.0.2.jdk/Contents/Home!/jdk.internal.jvmstat:/Library/Java/JavaVirtualMachines/jdk-16.0.2.jdk/Contents/Home!/jdk.internal.le:/Library/Java/JavaVirtualMachines/jdk-16.0.2.jdk/Contents/Home!/jdk.internal.opt:/Library/Java/JavaVirtualMachines/jdk-16.0.2.jdk/Contents/Home!/jdk.internal.vm.ci:/Library/Java/JavaVirtualMachines/jdk-16.0.2.jdk/Contents/Home!/jdk.jartool:/Library/Java/JavaVirtualMachines/jdk-16.0.2.jdk/Contents/Home!/jdk.javadoc:/Library/Java/JavaVirtualMachines/jdk-16.0.2.jdk/Contents/Home!/jdk.jcmd:/Library/Java/JavaVirtualMachines/jdk-16.0.2.jdk/Contents/Home!/jdk.jconsole:/Library/Java/JavaVirtualMachines/jdk-16.0.2.jdk/Contents/Home!/jdk.jdeps:/Library/Java/JavaVirtualMachines/jdk-16.0.2.jdk/Contents/Home!/jdk.jdi:/Library/Java/JavaVirtualMachines/jdk-16.0.2.jdk/Contents/Home!/jdk.jdwp.agent:/Library/Java/JavaVirtualMachines/jdk-16.0.2.jdk/Contents/Home!/jdk.jfr:/Library/Java/JavaVirtualMachines/jdk-16.0.2.jdk/Contents/Home!/jdk.jlink:/Library/Java/JavaVirtualMachines/jdk-16.0.2.jdk/Contents/Home!/jdk.jpackage:/Library/Java/JavaVirtualMachines/jdk-16.0.2.jdk/Contents/Home!/jdk.jshell:/Library/Java/JavaVirtualMachines/jdk-16.0.2.jdk/Contents/Home!/jdk.jsobject:/Library/Java/JavaVirtualMachines/jdk-16.0.2.jdk/Contents/Home!/jdk.jstatd:/Library/Java/JavaVirtualMachines/jdk-16.0.2.jdk/Contents/Home!/jdk.localedata:/Library/Java/JavaVirtualMachines/jdk-16.0.2.jdk/Contents/Home!/jdk.management:/Library/Java/JavaVirtualMachines/jdk-16.0.2.jdk/Contents/Home!/jdk.management.agent:/Library/Java/JavaVirtualMachines/jdk-16.0.2.jdk/Contents/Home!/jdk.management.jfr:/Library/Java/JavaVirtualMachines/jdk-16.0.2.jdk/Contents/Home!/jdk.naming.dns:/Library/Java/JavaVirtualMachines/jdk-16.0.2.jdk/Contents/Home!/jdk.naming.rmi:/Library/Java/JavaVirtualMachines/jdk-16.0.2.jdk/Contents/Home!/jdk.net:/Library/Java/JavaVirtualMachines/jdk-16.0.2.jdk/Contents/Home!/jdk.nio.mapmode:/Library/Java/JavaVirtualMachines/jdk-16.0.2.jdk/Contents/Home!/jdk.sctp:/Library/Java/JavaVirtualMachines/jdk-16.0.2.jdk/Contents/Home!/jdk.security.auth:/Library/Java/JavaVirtualMachines/jdk-16.0.2.jdk/Contents/Home!/jdk.security.jgss:/Library/Java/JavaVirtualMachines/jdk-16.0.2.jdk/Contents/Home!/jdk.unsupported:/Library/Java/JavaVirtualMachines/jdk-16.0.2.jdk/Contents/Home!/jdk.unsupported.desktop:/Library/Java/JavaVirtualMachines/jdk-16.0.2.jdk/Contents/Home!/jdk.xml.dom:/Library/Java/JavaVirtualMachines/jdk-16.0.2.jdk/Contents/Home!/jdk.zipfs:/Users/asenasahin/IdeaProjects/qa-academy-selenium/target/classes:/Users/asenasahin/.m2/repository/org/seleniumhq/selenium/selenium-java/3.11.0/selenium-java-3.11.0.jar:/Users/asenasahin/.m2/repository/org/seleniumhq/selenium/selenium-api/3.11.0/selenium-api-3.11.0.jar:/Users/asenasahin/.m2/repository/org/seleniumhq/selenium/selenium-chrome-driver/3.11.0/selenium-chrome-driver-3.11.0.jar:/Users/asenasahin/.m2/repository/org/seleniumhq/selenium/selenium-edge-driver/3.11.0/selenium-edge-driver-3.11.0.jar:/Users/asenasahin/.m2/repository/org/seleniumhq/selenium/selenium-firefox-driver/3.11.0/selenium-firefox-driver-3.11.0.jar:/Users/asenasahin/.m2/repository/org/seleniumhq/selenium/selenium-ie-driver/3.11.0/selenium-ie-driver-3.11.0.jar:/Users/asenasahin/.m2/repository/org/seleniumhq/selenium/selenium-opera-driver/3.11.0/selenium-opera-driver-3.11.0.jar:/Users/asenasahin/.m2/repository/org/seleniumhq/selenium/selenium-remote-driver/3.11.0/selenium-remote-driver-3.11.0.jar:/Users/asenasahin/.m2/repository/org/seleniumhq/selenium/selenium-safari-driver/3.11.0/selenium-safari-driver-3.11.0.jar:/Users/asenasahin/.m2/repository/org/seleniumhq/selenium/selenium-support/3.11.0/selenium-support-3.11.0.jar:/Users/asenasahin/.m2/repository/net/bytebuddy/byte-buddy/1.7.9/byte-buddy-1.7.9.jar:/Users/asenasahin/.m2/repository/org/apache/commons/commons-exec/1.3/commons-exec-1.3.jar:/Users/asenasahin/.m2/repository/commons-codec/commons-codec/1.10/commons-codec-1.10.jar:/Users/asenasahin/.m2/repository/commons-logging/commons-logging/1.2/commons-logging-1.2.jar:/Users/asenasahin/.m2/repository/com/google/code/gson/gson/2.8.2/gson-2.8.2.jar:/Users/asenasahin/.m2/repository/com/google/guava/guava/23.6-jre/guava-23.6-jre.jar:/Users/asenasahin/.m2/repository/com/google/code/findbugs/jsr305/1.3.9/jsr305-1.3.9.jar:/Users/asenasahin/.m2/repository/org/checkerframework/checker-compat-qual/2.0.0/checker-compat-qual-2.0.0.jar:/Users/asenasahin/.m2/repository/com/google/errorprone/error_prone_annotations/2.1.3/error_prone_annotations-2.1.3.jar:/Users/asenasahin/.m2/repository/com/google/j2objc/j2objc-annotations/1.1/j2objc-annotations-1.1.jar:/Users/asenasahin/.m2/repository/org/codehaus/mojo/animal-sniffer-annotations/1.14/animal-sniffer-annotations-1.14.jar:/Users/asenasahin/.m2/repository/org/apache/httpcomponents/httpclient/4.5.3/httpclient-4.5.3.jar:/Users/asenasahin/.m2/repository/org/apache/httpcomponents/httpcore/4.4.6/httpcore-4.4.6.jar:/Users/asenasahin/.m2/repository/com/squareup/okhttp3/okhttp/3.9.1/okhttp-3.9.1.jar:/Users/asenasahin/.m2/repository/com/squareup/okio/okio/1.13.0/okio-1.13.0.jar:/Users/asenasahin/.m2/repository/com/thoughtworks/gauge/gauge-java/0.7.15/gauge-java-0.7.15.jar:/Users/asenasahin/.m2/repository/org/assertj/assertj-core/3.19.0/assertj-core-3.19.0.jar:/Users/asenasahin/.m2/repository/org/reflections/reflections/0.9.9/reflections-0.9.9.jar:/Users/asenasahin/.m2/repository/org/javassist/javassist/3.18.2-GA/javassist-3.18.2-GA.jar:/Users/asenasahin/.m2/repository/com/google/code/findbugs/annotations/2.0.1/annotations-2.0.1.jar:/Users/asenasahin/.m2/repository/com/github/javaparser/javaparser-core/3.16.3/javaparser-core-3.16.3.jar:/Users/asenasahin/.m2/repository/commons-io/commons-io/2.8.0/commons-io-2.8.0.jar:/Users/asenasahin/.m2/repository/commons-lang/commons-lang/2.6/commons-lang-2.6.jar:/Users/asenasahin/.m2/repository/org/json/json/20210307/json-20210307.jar:/Users/asenasahin/.m2/repository/com/google/protobuf/protobuf-java/3.15.8/protobuf-java-3.15.8.jar:/Users/asenasahin/.m2/repository/io/grpc/grpc-netty-shaded/1.37.0/grpc-netty-shaded-1.37.0.jar:/Users/asenasahin/.m2/repository/io/grpc/grpc-core/1.37.0/grpc-core-1.37.0.jar:/Users/asenasahin/.m2/repository/com/google/android/annotations/4.1.1.4/annotations-4.1.1.4.jar:/Users/asenasahin/.m2/repository/io/perfmark/perfmark-api/0.23.0/perfmark-api-0.23.0.jar:/Users/asenasahin/.m2/repository/io/grpc/grpc-protobuf/1.37.0/grpc-protobuf-1.37.0.jar:/Users/asenasahin/.m2/repository/io/grpc/grpc-api/1.37.0/grpc-api-1.37.0.jar:/Users/asenasahin/.m2/repository/io/grpc/grpc-context/1.37.0/grpc-context-1.37.0.jar:/Users/asenasahin/.m2/repository/com/google/api/grpc/proto-google-common-protos/2.0.1/proto-google-common-protos-2.0.1.jar:/Users/asenasahin/.m2/repository/io/grpc/grpc-protobuf-lite/1.37.0/grpc-protobuf-lite-1.37.0.jar:/Users/asenasahin/.m2/repository/io/grpc/grpc-stub/1.37.0/grpc-stub-1.37.0.jar:/Users/asenasahin/.m2/repository/javax/annotation/javax.annotation-api/1.3.2/javax.annotation-api-1.3.2.jar:/Users/asenasahin/.m2/repository/org/testng/testng/7.4.0/testng-7.4.0.jar:/Users/asenasahin/.m2/repository/com/beust/jcommander/1.78/jcommander-1.78.jar:/Users/asenasahin/.m2/repository/org/webjars/jquery/3.5.1/jquery-3.5.1.jar:/Users/asenasahin/.m2/repository/io/github/bonigarcia/webdrivermanager/3.8.1/webdrivermanager-3.8.1.jar:/Users/asenasahin/.m2/repository/org/slf4j/slf4j-api/1.7.25/slf4j-api-1.7.25.jar:/Users/asenasahin/.m2/repository/org/apache/commons/commons-lang3/3.8.1/commons-lang3-3.8.1.jar:/Users/asenasahin/.m2/repository/org/rauschig/jarchivelib/1.0.0/jarchivelib-1.0.0.jar:/Users/asenasahin/.m2/repository/org/apache/commons/commons-compress/1.18/commons-compress-1.18.jar:/Users/asenasahin/.m2/repository/org/jsoup/jsoup/1.11.3/jsoup-1.11.3.jar
10-12-2021 00:31:08.945 [java] [DEBUG] found java executable in java
10-12-2021 00:31:08.945 [java] [DEBUG] running - java [-Dfile.encoding=UTF-8 com.thoughtworks.gauge.GaugeRuntime --start]
10-12-2021 00:31:08.945 [java] [DEBUG] stdout/stderr is logged to logs/18864-java.out
10-12-2021 00:31:09.074 [java] [DEBUG] multithreading is set to false
10-12-2021 00:31:09.368 [java] [DEBUG] Using reflection to scan dependencies for gauge implementations...
10-12-2021 00:31:09.426 [java] [ERROR] SLF4J: Failed to load class "org.slf4j.impl.StaticLoggerBinder".
10-12-2021 00:31:09.440 [java] [ERROR] SLF4J: Defaulting to no-operation (NOP) logger implementation
10-12-2021 00:31:09.440 [java] [ERROR] SLF4J: See http://www.slf4j.org/codes.html#StaticLoggerBinder for further details.
10-12-2021 00:31:09.648 [java] [DEBUG] gauge-java took 574milliseconds to load and scan. This should be less than 'runner_connection_timeout' config value.
10-12-2021 00:31:09.649 [java] [DEBUG] run 'gauge config runner_connection_timeout' and verify that it is < 574
10-12-2021 00:31:09.649 [java] [DEBUG] starting gRPC server...
10-12-2021 00:31:09.779 [java] [DEBUG] started gRPC server on port 54562
10-12-2021 00:31:09.779 [Gauge] [DEBUG] Attempting to connect to grpc server at port: 54562
10-12-2021 00:31:09.913 [Gauge] [DEBUG] Successfully made the connection with runner with port: 54562
10-12-2021 00:31:09.914 [Gauge] [DEBUG] Validation started.
10-12-2021 00:31:10.879 [java] [DEBUG] Scanning packages for steps
10-12-2021 00:31:10.889 [java] [DEBUG] Comparing 'utils.Launcher.launchThePage' and 'utils.Launcher.launchThePage'
10-12-2021 00:31:10.889 [java] [DEBUG] Found Go to the home page in current project scope.
10-12-2021 00:31:10.889 [java] [DEBUG] Scanning packages for hooks
10-12-2021 00:31:10.894 [java] [DEBUG] Scanned steps (using static parsing + reflections): 
10-12-2021 00:31:10.894 [java] [DEBUG] 	Go to the home page : public void launchThePage()
10-12-2021 00:31:11.861 [Gauge] [DEBUG] Validation completed.
10-12-2021 00:31:11.863 [Gauge] [DEBUG] Run started
10-12-2021 00:31:11.863 [Gauge] [DEBUG] Starting Html Report plugin
10-12-2021 00:31:11.899 [Gauge] [DEBUG] Attempting to connect to grpc server at port: 54567
10-12-2021 00:31:11.902 [Gauge] [DEBUG] Successfully made the connection with plugin with port: 54567
10-12-2021 00:31:11.902 [Gauge] [DEBUG] Initialising suite data store.
10-12-2021 00:31:11.941 [java] [ERROR] Ara 10, 2021 12:31:11 ÖÖ org.openqa.selenium.remote.DesiredCapabilities chrome
10-12-2021 00:31:11.941 [java] [ERROR] INFO: Using `new ChromeOptions()` is preferred to `DesiredCapabilities.chrome()`
10-12-2021 00:31:13.162 [html-report] [DEBUG] Transformed SuiteResult to report structure
10-12-2021 00:31:13.171 [html-report] [INFO] Successfully generated html-report to => /Users/asenasahin/IdeaProjects/qa-academy-selenium/reports/html-report/index.html
10-12-2021 00:31:13.171 [html-report] [DEBUG] Done generating HTML report using theme from /Users/asenasahin/.gauge/plugins/html-report/4.1.2/themes/default
10-12-2021 00:31:13.172 [Gauge] [DEBUG] Sending kill message to Html Report plugin.
10-12-2021 00:31:13.173 [java] [DEBUG] Killing Java runner...
10-12-2021 00:31:13.174 [java] [DEBUG] Stopping execution pool...
10-12-2021 00:31:13.174 [java] [DEBUG] Shutting down grpc server...
10-12-2021 00:31:13.179 [java] [DEBUG] Runner killed gracefully.
10-12-2021 00:31:13.701 [Gauge] [DEBUG] Runner with PID:18864 has exited
10-12-2021 00:31:13.701 [Gauge] [INFO] Specifications:	0 executed	0 passed	0 failed	0 skipped
10-12-2021 00:31:13.701 [Gauge] [INFO] Scenarios:	0 executed	0 passed	0 failed	0 skipped
10-12-2021 00:31:13.701 [Gauge] [INFO] 
Total time taken: 1.298s
10-12-2021 00:31:55.547 [Gauge] [DEBUG] Created gauge_screenshots_dir at /Users/asenasahin/IdeaProjects/qa-academy-selenium/.gauge/screenshots
10-12-2021 00:31:55.548 [Gauge] [DEBUG] Plugin java is already installed.
10-12-2021 00:31:55.549 [Gauge] [DEBUG] Plugin html-report is already installed.
10-12-2021 00:31:55.549 [Gauge] [DEBUG] Parsing started.
10-12-2021 00:31:55.549 [Gauge] [DEBUG] Started concepts parsing.
10-12-2021 00:31:55.552 [Gauge] [DEBUG] 0 concepts parsing completed.
10-12-2021 00:31:55.552 [Gauge] [DEBUG] Started specifications parsing.
10-12-2021 00:31:55.553 [Gauge] [DEBUG] 1 specifications parsing completed.
10-12-2021 00:31:55.553 [Gauge] [DEBUG] Parsing completed.
10-12-2021 00:31:55.573 [java] [DEBUG] ***** Printing Properties/Env Values *****
10-12-2021 00:31:55.573 [java] [DEBUG] PATH: /usr/local/bin:/usr/bin:/bin:/usr/sbin:/sbin:/Users/asenasahin/.gauge/plugins/screenshot/0.1.0
10-12-2021 00:31:55.573 [java] [DEBUG] JAVA_HOME: 
10-12-2021 00:31:55.573 [java] [DEBUG] gauge_project_root: 
10-12-2021 00:31:55.573 [java] [DEBUG] gauge_parallel_streams_count: 
10-12-2021 00:31:55.573 [java] [DEBUG] gauge_reports_dir: reports
10-12-2021 00:31:55.573 [java] [DEBUG] overwrite_reports: true
10-12-2021 00:31:55.573 [java] [DEBUG] logs_directory: logs
10-12-2021 00:31:55.573 [java] [DEBUG] enable_multithreading: 
10-12-2021 00:31:55.573 [java] [DEBUG] gauge_specs_dir: specs
10-12-2021 00:31:55.573 [java] [DEBUG] csv_delimiter: ,
10-12-2021 00:31:55.573 [java] [DEBUG] gauge_java_home: 
10-12-2021 00:31:55.573 [java] [DEBUG] gauge_custom_build_path: 
10-12-2021 00:31:55.573 [java] [DEBUG] gauge_additional_libs: 
10-12-2021 00:31:55.573 [java] [DEBUG] gauge_jvm_args: 
10-12-2021 00:31:55.573 [java] [DEBUG] gauge_custom_compile_dir: 
10-12-2021 00:31:55.573 [java] [DEBUG] gauge_clear_state_level: 
10-12-2021 00:31:55.573 [java] [DEBUG] ***** END *****
10-12-2021 00:31:56.315 [Gauge] [DEBUG] Checking updates...
10-12-2021 00:31:56.316 [Gauge] [DEBUG] Downloading https://downloads.gauge.org/plugin/html-report?l=java&p=html-report,java,screenshot&o=darwin&a=amd64
10-12-2021 00:31:56.827 [Gauge] [DEBUG] Downloading https://downloads.gauge.org/plugin/java?l=java&p=html-report,java,screenshot&o=darwin&a=amd64
10-12-2021 00:31:57.038 [Gauge] [DEBUG] Downloading https://downloads.gauge.org/plugin/screenshot?l=java&p=html-report,java,screenshot&o=darwin&a=amd64
10-12-2021 00:31:58.428 [java] [DEBUG] classpath set to /Library/Java/JavaVirtualMachines/jdk-16.0.2.jdk/Contents/Home!/java.base:/Library/Java/JavaVirtualMachines/jdk-16.0.2.jdk/Contents/Home!/java.compiler:/Library/Java/JavaVirtualMachines/jdk-16.0.2.jdk/Contents/Home!/java.datatransfer:/Library/Java/JavaVirtualMachines/jdk-16.0.2.jdk/Contents/Home!/java.desktop:/Library/Java/JavaVirtualMachines/jdk-16.0.2.jdk/Contents/Home!/java.instrument:/Library/Java/JavaVirtualMachines/jdk-16.0.2.jdk/Contents/Home!/java.logging:/Library/Java/JavaVirtualMachines/jdk-16.0.2.jdk/Contents/Home!/java.management:/Library/Java/JavaVirtualMachines/jdk-16.0.2.jdk/Contents/Home!/java.management.rmi:/Library/Java/JavaVirtualMachines/jdk-16.0.2.jdk/Contents/Home!/java.naming:/Library/Java/JavaVirtualMachines/jdk-16.0.2.jdk/Contents/Home!/java.net.http:/Library/Java/JavaVirtualMachines/jdk-16.0.2.jdk/Contents/Home!/java.prefs:/Library/Java/JavaVirtualMachines/jdk-16.0.2.jdk/Contents/Home!/java.rmi:/Library/Java/JavaVirtualMachines/jdk-16.0.2.jdk/Contents/Home!/java.scripting:/Library/Java/JavaVirtualMachines/jdk-16.0.2.jdk/Contents/Home!/java.se:/Library/Java/JavaVirtualMachines/jdk-16.0.2.jdk/Contents/Home!/java.security.jgss:/Library/Java/JavaVirtualMachines/jdk-16.0.2.jdk/Contents/Home!/java.security.sasl:/Library/Java/JavaVirtualMachines/jdk-16.0.2.jdk/Contents/Home!/java.smartcardio:/Library/Java/JavaVirtualMachines/jdk-16.0.2.jdk/Contents/Home!/java.sql:/Library/Java/JavaVirtualMachines/jdk-16.0.2.jdk/Contents/Home!/java.sql.rowset:/Library/Java/JavaVirtualMachines/jdk-16.0.2.jdk/Contents/Home!/java.transaction.xa:/Library/Java/JavaVirtualMachines/jdk-16.0.2.jdk/Contents/Home!/java.xml:/Library/Java/JavaVirtualMachines/jdk-16.0.2.jdk/Contents/Home!/java.xml.crypto:/Library/Java/JavaVirtualMachines/jdk-16.0.2.jdk/Contents/Home!/jdk.accessibility:/Library/Java/JavaVirtualMachines/jdk-16.0.2.jdk/Contents/Home!/jdk.attach:/Library/Java/JavaVirtualMachines/jdk-16.0.2.jdk/Contents/Home!/jdk.charsets:/Library/Java/JavaVirtualMachines/jdk-16.0.2.jdk/Contents/Home!/jdk.compiler:/Library/Java/JavaVirtualMachines/jdk-16.0.2.jdk/Contents/Home!/jdk.crypto.cryptoki:/Library/Java/JavaVirtualMachines/jdk-16.0.2.jdk/Contents/Home!/jdk.crypto.ec:/Library/Java/JavaVirtualMachines/jdk-16.0.2.jdk/Contents/Home!/jdk.dynalink:/Library/Java/JavaVirtualMachines/jdk-16.0.2.jdk/Contents/Home!/jdk.editpad:/Library/Java/JavaVirtualMachines/jdk-16.0.2.jdk/Contents/Home!/jdk.hotspot.agent:/Library/Java/JavaVirtualMachines/jdk-16.0.2.jdk/Contents/Home!/jdk.httpserver:/Library/Java/JavaVirtualMachines/jdk-16.0.2.jdk/Contents/Home!/jdk.incubator.foreign:/Library/Java/JavaVirtualMachines/jdk-16.0.2.jdk/Contents/Home!/jdk.incubator.vector:/Library/Java/JavaVirtualMachines/jdk-16.0.2.jdk/Contents/Home!/jdk.internal.ed:/Library/Java/JavaVirtualMachines/jdk-16.0.2.jdk/Contents/Home!/jdk.internal.jvmstat:/Library/Java/JavaVirtualMachines/jdk-16.0.2.jdk/Contents/Home!/jdk.internal.le:/Library/Java/JavaVirtualMachines/jdk-16.0.2.jdk/Contents/Home!/jdk.internal.opt:/Library/Java/JavaVirtualMachines/jdk-16.0.2.jdk/Contents/Home!/jdk.internal.vm.ci:/Library/Java/JavaVirtualMachines/jdk-16.0.2.jdk/Contents/Home!/jdk.jartool:/Library/Java/JavaVirtualMachines/jdk-16.0.2.jdk/Contents/Home!/jdk.javadoc:/Library/Java/JavaVirtualMachines/jdk-16.0.2.jdk/Contents/Home!/jdk.jcmd:/Library/Java/JavaVirtualMachines/jdk-16.0.2.jdk/Contents/Home!/jdk.jconsole:/Library/Java/JavaVirtualMachines/jdk-16.0.2.jdk/Contents/Home!/jdk.jdeps:/Library/Java/JavaVirtualMachines/jdk-16.0.2.jdk/Contents/Home!/jdk.jdi:/Library/Java/JavaVirtualMachines/jdk-16.0.2.jdk/Contents/Home!/jdk.jdwp.agent:/Library/Java/JavaVirtualMachines/jdk-16.0.2.jdk/Contents/Home!/jdk.jfr:/Library/Java/JavaVirtualMachines/jdk-16.0.2.jdk/Contents/Home!/jdk.jlink:/Library/Java/JavaVirtualMachines/jdk-16.0.2.jdk/Contents/Home!/jdk.jpackage:/Library/Java/JavaVirtualMachines/jdk-16.0.2.jdk/Contents/Home!/jdk.jshell:/Library/Java/JavaVirtualMachines/jdk-16.0.2.jdk/Contents/Home!/jdk.jsobject:/Library/Java/JavaVirtualMachines/jdk-16.0.2.jdk/Contents/Home!/jdk.jstatd:/Library/Java/JavaVirtualMachines/jdk-16.0.2.jdk/Contents/Home!/jdk.localedata:/Library/Java/JavaVirtualMachines/jdk-16.0.2.jdk/Contents/Home!/jdk.management:/Library/Java/JavaVirtualMachines/jdk-16.0.2.jdk/Contents/Home!/jdk.management.agent:/Library/Java/JavaVirtualMachines/jdk-16.0.2.jdk/Contents/Home!/jdk.management.jfr:/Library/Java/JavaVirtualMachines/jdk-16.0.2.jdk/Contents/Home!/jdk.naming.dns:/Library/Java/JavaVirtualMachines/jdk-16.0.2.jdk/Contents/Home!/jdk.naming.rmi:/Library/Java/JavaVirtualMachines/jdk-16.0.2.jdk/Contents/Home!/jdk.net:/Library/Java/JavaVirtualMachines/jdk-16.0.2.jdk/Contents/Home!/jdk.nio.mapmode:/Library/Java/JavaVirtualMachines/jdk-16.0.2.jdk/Contents/Home!/jdk.sctp:/Library/Java/JavaVirtualMachines/jdk-16.0.2.jdk/Contents/Home!/jdk.security.auth:/Library/Java/JavaVirtualMachines/jdk-16.0.2.jdk/Contents/Home!/jdk.security.jgss:/Library/Java/JavaVirtualMachines/jdk-16.0.2.jdk/Contents/Home!/jdk.unsupported:/Library/Java/JavaVirtualMachines/jdk-16.0.2.jdk/Contents/Home!/jdk.unsupported.desktop:/Library/Java/JavaVirtualMachines/jdk-16.0.2.jdk/Contents/Home!/jdk.xml.dom:/Library/Java/JavaVirtualMachines/jdk-16.0.2.jdk/Contents/Home!/jdk.zipfs:/Users/asenasahin/IdeaProjects/qa-academy-selenium/target/classes:/Users/asenasahin/.m2/repository/org/seleniumhq/selenium/selenium-java/3.11.0/selenium-java-3.11.0.jar:/Users/asenasahin/.m2/repository/org/seleniumhq/selenium/selenium-api/3.11.0/selenium-api-3.11.0.jar:/Users/asenasahin/.m2/repository/org/seleniumhq/selenium/selenium-chrome-driver/3.11.0/selenium-chrome-driver-3.11.0.jar:/Users/asenasahin/.m2/repository/org/seleniumhq/selenium/selenium-edge-driver/3.11.0/selenium-edge-driver-3.11.0.jar:/Users/asenasahin/.m2/repository/org/seleniumhq/selenium/selenium-firefox-driver/3.11.0/selenium-firefox-driver-3.11.0.jar:/Users/asenasahin/.m2/repository/org/seleniumhq/selenium/selenium-ie-driver/3.11.0/selenium-ie-driver-3.11.0.jar:/Users/asenasahin/.m2/repository/org/seleniumhq/selenium/selenium-opera-driver/3.11.0/selenium-opera-driver-3.11.0.jar:/Users/asenasahin/.m2/repository/org/seleniumhq/selenium/selenium-remote-driver/3.11.0/selenium-remote-driver-3.11.0.jar:/Users/asenasahin/.m2/repository/org/seleniumhq/selenium/selenium-safari-driver/3.11.0/selenium-safari-driver-3.11.0.jar:/Users/asenasahin/.m2/repository/org/seleniumhq/selenium/selenium-support/3.11.0/selenium-support-3.11.0.jar:/Users/asenasahin/.m2/repository/net/bytebuddy/byte-buddy/1.7.9/byte-buddy-1.7.9.jar:/Users/asenasahin/.m2/repository/org/apache/commons/commons-exec/1.3/commons-exec-1.3.jar:/Users/asenasahin/.m2/repository/commons-codec/commons-codec/1.10/commons-codec-1.10.jar:/Users/asenasahin/.m2/repository/commons-logging/commons-logging/1.2/commons-logging-1.2.jar:/Users/asenasahin/.m2/repository/com/google/code/gson/gson/2.8.2/gson-2.8.2.jar:/Users/asenasahin/.m2/repository/com/google/guava/guava/23.6-jre/guava-23.6-jre.jar:/Users/asenasahin/.m2/repository/com/google/code/findbugs/jsr305/1.3.9/jsr305-1.3.9.jar:/Users/asenasahin/.m2/repository/org/checkerframework/checker-compat-qual/2.0.0/checker-compat-qual-2.0.0.jar:/Users/asenasahin/.m2/repository/com/google/errorprone/error_prone_annotations/2.1.3/error_prone_annotations-2.1.3.jar:/Users/asenasahin/.m2/repository/com/google/j2objc/j2objc-annotations/1.1/j2objc-annotations-1.1.jar:/Users/asenasahin/.m2/repository/org/codehaus/mojo/animal-sniffer-annotations/1.14/animal-sniffer-annotations-1.14.jar:/Users/asenasahin/.m2/repository/org/apache/httpcomponents/httpclient/4.5.3/httpclient-4.5.3.jar:/Users/asenasahin/.m2/repository/org/apache/httpcomponents/httpcore/4.4.6/httpcore-4.4.6.jar:/Users/asenasahin/.m2/repository/com/squareup/okhttp3/okhttp/3.9.1/okhttp-3.9.1.jar:/Users/asenasahin/.m2/repository/com/squareup/okio/okio/1.13.0/okio-1.13.0.jar:/Users/asenasahin/.m2/repository/com/thoughtworks/gauge/gauge-java/0.7.15/gauge-java-0.7.15.jar:/Users/asenasahin/.m2/repository/org/assertj/assertj-core/3.19.0/assertj-core-3.19.0.jar:/Users/asenasahin/.m2/repository/org/reflections/reflections/0.9.9/reflections-0.9.9.jar:/Users/asenasahin/.m2/repository/org/javassist/javassist/3.18.2-GA/javassist-3.18.2-GA.jar:/Users/asenasahin/.m2/repository/com/google/code/findbugs/annotations/2.0.1/annotations-2.0.1.jar:/Users/asenasahin/.m2/repository/com/github/javaparser/javaparser-core/3.16.3/javaparser-core-3.16.3.jar:/Users/asenasahin/.m2/repository/commons-io/commons-io/2.8.0/commons-io-2.8.0.jar:/Users/asenasahin/.m2/repository/commons-lang/commons-lang/2.6/commons-lang-2.6.jar:/Users/asenasahin/.m2/repository/org/json/json/20210307/json-20210307.jar:/Users/asenasahin/.m2/repository/com/google/protobuf/protobuf-java/3.15.8/protobuf-java-3.15.8.jar:/Users/asenasahin/.m2/repository/io/grpc/grpc-netty-shaded/1.37.0/grpc-netty-shaded-1.37.0.jar:/Users/asenasahin/.m2/repository/io/grpc/grpc-core/1.37.0/grpc-core-1.37.0.jar:/Users/asenasahin/.m2/repository/com/google/android/annotations/4.1.1.4/annotations-4.1.1.4.jar:/Users/asenasahin/.m2/repository/io/perfmark/perfmark-api/0.23.0/perfmark-api-0.23.0.jar:/Users/asenasahin/.m2/repository/io/grpc/grpc-protobuf/1.37.0/grpc-protobuf-1.37.0.jar:/Users/asenasahin/.m2/repository/io/grpc/grpc-api/1.37.0/grpc-api-1.37.0.jar:/Users/asenasahin/.m2/repository/io/grpc/grpc-context/1.37.0/grpc-context-1.37.0.jar:/Users/asenasahin/.m2/repository/com/google/api/grpc/proto-google-common-protos/2.0.1/proto-google-common-protos-2.0.1.jar:/Users/asenasahin/.m2/repository/io/grpc/grpc-protobuf-lite/1.37.0/grpc-protobuf-lite-1.37.0.jar:/Users/asenasahin/.m2/repository/io/grpc/grpc-stub/1.37.0/grpc-stub-1.37.0.jar:/Users/asenasahin/.m2/repository/javax/annotation/javax.annotation-api/1.3.2/javax.annotation-api-1.3.2.jar:/Users/asenasahin/.m2/repository/org/testng/testng/7.4.0/testng-7.4.0.jar:/Users/asenasahin/.m2/repository/com/beust/jcommander/1.78/jcommander-1.78.jar:/Users/asenasahin/.m2/repository/org/webjars/jquery/3.5.1/jquery-3.5.1.jar:/Users/asenasahin/.m2/repository/io/github/bonigarcia/webdrivermanager/3.8.1/webdrivermanager-3.8.1.jar:/Users/asenasahin/.m2/repository/org/slf4j/slf4j-api/1.7.25/slf4j-api-1.7.25.jar:/Users/asenasahin/.m2/repository/org/apache/commons/commons-lang3/3.8.1/commons-lang3-3.8.1.jar:/Users/asenasahin/.m2/repository/org/rauschig/jarchivelib/1.0.0/jarchivelib-1.0.0.jar:/Users/asenasahin/.m2/repository/org/apache/commons/commons-compress/1.18/commons-compress-1.18.jar:/Users/asenasahin/.m2/repository/org/jsoup/jsoup/1.11.3/jsoup-1.11.3.jar
10-12-2021 00:31:58.428 [java] [DEBUG] found java executable in java
10-12-2021 00:31:58.429 [java] [DEBUG] running - java [-Dfile.encoding=UTF-8 com.thoughtworks.gauge.GaugeRuntime --start]
10-12-2021 00:31:58.429 [java] [DEBUG] stdout/stderr is logged to logs/18899-java.out
10-12-2021 00:31:58.551 [java] [DEBUG] multithreading is set to false
10-12-2021 00:31:58.850 [java] [DEBUG] Using reflection to scan dependencies for gauge implementations...
10-12-2021 00:31:58.903 [java] [ERROR] SLF4J: Failed to load class "org.slf4j.impl.StaticLoggerBinder".
10-12-2021 00:31:58.903 [java] [ERROR] SLF4J: Defaulting to no-operation (NOP) logger implementation
10-12-2021 00:31:58.903 [java] [ERROR] SLF4J: See http://www.slf4j.org/codes.html#StaticLoggerBinder for further details.
10-12-2021 00:31:59.100 [java] [DEBUG] gauge-java took 549milliseconds to load and scan. This should be less than 'runner_connection_timeout' config value.
10-12-2021 00:31:59.100 [java] [DEBUG] run 'gauge config runner_connection_timeout' and verify that it is < 549
10-12-2021 00:31:59.100 [java] [DEBUG] starting gRPC server...
10-12-2021 00:31:59.199 [Gauge] [DEBUG] Attempting to connect to grpc server at port: 54574
10-12-2021 00:31:59.306 [Gauge] [DEBUG] Successfully made the connection with runner with port: 54574
10-12-2021 00:31:59.306 [Gauge] [DEBUG] Validation started.
10-12-2021 00:32:00.378 [java] [DEBUG] Scanning packages for steps
10-12-2021 00:32:00.387 [java] [DEBUG] Comparing 'utils.Launcher.launchThePage' and 'utils.Launcher.launchThePage'
10-12-2021 00:32:00.387 [java] [DEBUG] Found Go to the home page in current project scope.
10-12-2021 00:32:00.387 [java] [DEBUG] Scanning packages for hooks
10-12-2021 00:32:00.391 [java] [DEBUG] Scanned steps (using static parsing + reflections): 
10-12-2021 00:32:00.391 [java] [DEBUG] 	Go to the home page : public void launchThePage()
10-12-2021 00:32:01.403 [Gauge] [DEBUG] Validation completed.
10-12-2021 00:32:01.403 [Gauge] [DEBUG] Run started
10-12-2021 00:32:01.404 [Gauge] [DEBUG] Starting Html Report plugin
10-12-2021 00:32:01.442 [Gauge] [DEBUG] Attempting to connect to grpc server at port: 54579
10-12-2021 00:32:01.444 [Gauge] [DEBUG] Successfully made the connection with plugin with port: 54579
10-12-2021 00:32:01.444 [Gauge] [DEBUG] Initialising suite data store.
10-12-2021 00:32:01.479 [java] [ERROR] Ara 10, 2021 12:32:01 ÖÖ org.openqa.selenium.remote.DesiredCapabilities chrome
10-12-2021 00:32:01.479 [java] [ERROR] INFO: Using `new ChromeOptions()` is preferred to `DesiredCapabilities.chrome()`
10-12-2021 00:32:16.216 [java] [ERROR] Starting ChromeDriver 96.0.4664.45 (76e4c1bb2ab4671b8beba3444e61c0f17584b2fc-refs/branch-heads/4664@{#947}) on port 29227
10-12-2021 00:32:16.216 [java] [ERROR] Only local connections are allowed.
10-12-2021 00:32:16.216 [java] [ERROR] Please see https://chromedriver.chromium.org/security-considerations for suggestions on keeping ChromeDriver safe.
10-12-2021 00:32:16.217 [java] [ERROR] ChromeDriver was started successfully.
10-12-2021 00:32:18.815 [java] [ERROR] Ara 10, 2021 12:32:18 ÖÖ org.openqa.selenium.remote.ProtocolHandshake createSession
10-12-2021 00:32:18.835 [java] [ERROR] INFO: Detected dialect: W3C
10-12-2021 00:32:19.279 [java] [DEBUG] Executing 'Go to the home page' using 'class utils.Launcher.launchThePage
10-12-2021 00:32:25.565 [html-report] [DEBUG] Transformed SuiteResult to report structure
10-12-2021 00:32:25.617 [html-report] [INFO] Successfully generated html-report to => /Users/asenasahin/IdeaProjects/qa-academy-selenium/reports/html-report/index.html
10-12-2021 00:32:25.617 [html-report] [DEBUG] Done generating HTML report using theme from /Users/asenasahin/.gauge/plugins/html-report/4.1.2/themes/default
10-12-2021 00:32:25.617 [Gauge] [DEBUG] Sending kill message to Html Report plugin.
10-12-2021 00:32:25.621 [java] [DEBUG] Killing Java runner...
10-12-2021 00:32:25.623 [java] [DEBUG] Stopping execution pool...
10-12-2021 00:32:25.624 [java] [DEBUG] Shutting down grpc server...
10-12-2021 00:32:25.638 [java] [DEBUG] Runner killed gracefully.
10-12-2021 00:32:26.037 [Gauge] [DEBUG] Runner with PID:18899 has exited
10-12-2021 00:32:26.037 [Gauge] [INFO] Specifications:	1 executed	1 passed	0 failed	0 skipped
10-12-2021 00:32:26.037 [Gauge] [INFO] Scenarios:	1 executed	1 passed	0 failed	0 skipped
10-12-2021 00:32:26.037 [Gauge] [INFO] 
Total time taken: 24.157s
